<?xml version="1.0" encoding="UTF-8"?>
<!-- Generated by org.testng.reporters.JUnitReportReporter -->
<testsuite hostname="ViveksMacBookPro.local" failures="0" tests="1" name="HomeTest.HomeTest" time="20.302" errors="0" timestamp="2022-10-17T11:05:21 MYT" skipped="0">
  <testcase classname="HomeTest.HomeTest" name="searchValidation" time="20.302"/>
  <system-out/>
</testsuite> <!-- HomeTest.HomeTest -->
